
Nov 03, 2021 21:37:41.66 NEW SESSION
Nov 03, 2021 21:37:41.66 [9348:1624:1103/213741.661:ERROR:chrome_browser_main_extra_parts_metrics.cc(230)] crbug.com/1216328: Checking Bluetooth availability started. Please report if there is no report that this ends.
Nov 03, 2021 21:37:41.66 [9348:1624:1103/213741.661:ERROR:chrome_browser_main_extra_parts_metrics.cc(233)] crbug.com/1216328: Checking Bluetooth availability ended.
Nov 03, 2021 21:37:41.66 [9348:1624:1103/213741.661:ERROR:chrome_browser_main_extra_parts_metrics.cc(236)] crbug.com/1216328: Checking default browser status started. Please report if there is no report that this ends.
Nov 03, 2021 21:37:41.66 [9348:17132:1103/213741.662:ERROR:device_event_log_impl.cc(214)] [21:37:41.663] USB: usb_device_handle_win.cc:1048 Failed to read descriptor from node connection: A device attached to the system is not functioning. (0x1F)
Nov 03, 2021 21:37:41.67 [9348:1624:1103/213741.662:ERROR:chrome_browser_main_extra_parts_metrics.cc(240)] crbug.com/1216328: Checking default browser status ended.
Nov 03, 2021 21:37:41.67 [9348:17132:1103/213741.663:ERROR:device_event_log_impl.cc(214)] [21:37:41.663] USB: usb_device_handle_win.cc:1048 Failed to read descriptor from node connection: A device attached to the system is not functioning. (0x1F)
Nov 03, 2021 21:37:41.67 [9348:17132:1103/213741.663:ERROR:device_event_log_impl.cc(214)] [21:37:41.663] USB: usb_device_handle_win.cc:1048 Failed to read descriptor from node connection: A device attached to the system is not functioning. (0x1F)
Nov 03, 2021 21:39:29.27 [9348:16788:1103/213929.270:ERROR:database.cc(1761)] History SQLite error: code 1555 errno 0: UNIQUE constraint failed: context_annotations.visit_id sql: INSERT INTO context_annotations( visit_id,context_annotation_flags,duration_since_last_visit,page_end_reason )VALUES(?,?,?,?)
Nov 03, 2021 21:40:13.00 [9348:5368:1103/214013.004:ERROR:database.cc(1761)] History SQLite error: code 1555 errno 0: UNIQUE constraint failed: context_annotations.visit_id sql: INSERT INTO context_annotations( visit_id,context_annotation_flags,duration_since_last_visit,page_end_reason )VALUES(?,?,?,?)
Nov 03, 2021 21:40:16.41 [9348:5368:1103/214016.416:ERROR:database.cc(1761)] History SQLite error: code 1555 errno 0: UNIQUE constraint failed: context_annotations.visit_id sql: INSERT INTO context_annotations( visit_id,context_annotation_flags,duration_since_last_visit,page_end_reason )VALUES(?,?,?,?)
Nov 03, 2021 21:43:00.59 [9348:5368:1103/214300.594:ERROR:database.cc(1761)] History SQLite error: code 1555 errno 0: UNIQUE constraint failed: context_annotations.visit_id sql: INSERT INTO context_annotations( visit_id,context_annotation_flags,duration_since_last_visit,page_end_reason )VALUES(?,?,?,?)
Nov 03, 2021 21:43:07.83 [9348:5368:1103/214307.829:ERROR:database.cc(1761)] History SQLite error: code 1555 errno 0: UNIQUE constraint failed: context_annotations.visit_id sql: INSERT INTO context_annotations( visit_id,context_annotation_flags,duration_since_last_visit,page_end_reason )VALUES(?,?,?,?)
Nov 03, 2021 22:06:05.35 [9348:13292:1103/220605.351:ERROR:database.cc(1761)] History SQLite error: code 1555 errno 0: UNIQUE constraint failed: context_annotations.visit_id sql: INSERT INTO context_annotations( visit_id,context_annotation_flags,duration_since_last_visit,page_end_reason )VALUES(?,?,?,?)
Nov 03, 2021 22:08:21.84 [9348:5368:1103/220821.846:ERROR:database.cc(1761)] History SQLite error: code 1555 errno 0: UNIQUE constraint failed: context_annotations.visit_id sql: INSERT INTO context_annotations( visit_id,context_annotation_flags,duration_since_last_visit,page_end_reason )VALUES(?,?,?,?)
Nov 03, 2021 22:08:23.84 [9348:5368:1103/220823.841:ERROR:database.cc(1761)] History SQLite error: code 1555 errno 0: UNIQUE constraint failed: context_annotations.visit_id sql: INSERT INTO context_annotations( visit_id,context_annotation_flags,duration_since_last_visit,page_end_reason )VALUES(?,?,?,?)
Nov 03, 2021 22:08:24.29 [9348:13292:1103/220824.297:ERROR:database.cc(1761)] History SQLite error: code 1555 errno 0: UNIQUE constraint failed: context_annotations.visit_id sql: INSERT INTO context_annotations( visit_id,context_annotation_flags,duration_since_last_visit,page_end_reason )VALUES(?,?,?,?)
Nov 03, 2021 22:08:24.47 [9348:5368:1103/220824.472:ERROR:database.cc(1761)] History SQLite error: code 1555 errno 0: UNIQUE constraint failed: context_annotations.visit_id sql: INSERT INTO context_annotations( visit_id,context_annotation_flags,duration_since_last_visit,page_end_reason )VALUES(?,?,?,?)
Nov 03, 2021 22:08:24.67 [9348:13292:1103/220824.672:ERROR:database.cc(1761)] History SQLite error: code 1555 errno 0: UNIQUE constraint failed: context_annotations.visit_id sql: INSERT INTO context_annotations( visit_id,context_annotation_flags,duration_since_last_visit,page_end_reason )VALUES(?,?,?,?)
Nov 03, 2021 22:08:24.87 [9348:5368:1103/220824.879:ERROR:database.cc(1761)] History SQLite error: code 1555 errno 0: UNIQUE constraint failed: context_annotations.visit_id sql: INSERT INTO context_annotations( visit_id,context_annotation_flags,duration_since_last_visit,page_end_reason )VALUES(?,?,?,?)
Nov 03, 2021 22:08:57.32 [9348:13292:1103/220857.326:ERROR:database.cc(1761)] History SQLite error: code 1555 errno 0: UNIQUE constraint failed: context_annotations.visit_id sql: INSERT INTO context_annotations( visit_id,context_annotation_flags,duration_since_last_visit,page_end_reason )VALUES(?,?,?,?)
Nov 03, 2021 22:08:58.19 [9348:428:1103/220858.191:ERROR:database.cc(1761)] History SQLite error: code 1555 errno 0: UNIQUE constraint failed: context_annotations.visit_id sql: INSERT INTO context_annotations( visit_id,context_annotation_flags,duration_since_last_visit,page_end_reason )VALUES(?,?,?,?)
Nov 03, 2021 22:08:58.56 [9348:428:1103/220858.567:ERROR:database.cc(1761)] History SQLite error: code 1555 errno 0: UNIQUE constraint failed: context_annotations.visit_id sql: INSERT INTO context_annotations( visit_id,context_annotation_flags,duration_since_last_visit,page_end_reason )VALUES(?,?,?,?)
Nov 03, 2021 22:08:58.92 [9348:5368:1103/220858.927:ERROR:database.cc(1761)] History SQLite error: code 1555 errno 0: UNIQUE constraint failed: context_annotations.visit_id sql: INSERT INTO context_annotations( visit_id,context_annotation_flags,duration_since_last_visit,page_end_reason )VALUES(?,?,?,?)
Nov 03, 2021 22:08:59.87 [9348:5368:1103/220859.876:ERROR:database.cc(1761)] History SQLite error: code 1555 errno 0: UNIQUE constraint failed: context_annotations.visit_id sql: INSERT INTO context_annotations( visit_id,context_annotation_flags,duration_since_last_visit,page_end_reason )VALUES(?,?,?,?)
Nov 03, 2021 22:12:10.51 [9348:11596:1103/221210.510:ERROR:database.cc(1761)] History SQLite error: code 1555 errno 0: UNIQUE constraint failed: context_annotations.visit_id sql: INSERT INTO context_annotations( visit_id,context_annotation_flags,duration_since_last_visit,page_end_reason )VALUES(?,?,?,?)
Nov 03, 2021 22:16:07.17 [9348:5368:1103/221607.171:ERROR:database.cc(1761)] History SQLite error: code 1555 errno 0: UNIQUE constraint failed: context_annotations.visit_id sql: INSERT INTO context_annotations( visit_id,context_annotation_flags,duration_since_last_visit,page_end_reason )VALUES(?,?,?,?)

Nov 07, 2021 09:09:42.52 NEW SESSION
Nov 07, 2021 09:09:42.53 [15788:1224:1107/090942.527:ERROR:chrome_browser_main_extra_parts_metrics.cc(230)] crbug.com/1216328: Checking Bluetooth availability started. Please report if there is no report that this ends.
Nov 07, 2021 09:09:42.54 [15788:1224:1107/090942.527:ERROR:chrome_browser_main_extra_parts_metrics.cc(233)] crbug.com/1216328: Checking Bluetooth availability ended.
Nov 07, 2021 09:09:42.54 [15788:1224:1107/090942.527:ERROR:chrome_browser_main_extra_parts_metrics.cc(236)] crbug.com/1216328: Checking default browser status started. Please report if there is no report that this ends.
Nov 07, 2021 09:09:42.54 [15788:1224:1107/090942.528:ERROR:chrome_browser_main_extra_parts_metrics.cc(240)] crbug.com/1216328: Checking default browser status ended.
Nov 07, 2021 09:09:42.54 [15788:15124:1107/090942.529:ERROR:device_event_log_impl.cc(214)] [09:09:42.529] USB: usb_device_handle_win.cc:1048 Failed to read descriptor from node connection: A device attached to the system is not functioning. (0x1F)
Nov 07, 2021 09:09:42.54 [15788:15124:1107/090942.529:ERROR:device_event_log_impl.cc(214)] [09:09:42.529] USB: usb_device_handle_win.cc:1048 Failed to read descriptor from node connection: A device attached to the system is not functioning. (0x1F)
Nov 07, 2021 09:09:42.54 [15788:15124:1107/090942.530:ERROR:device_event_log_impl.cc(214)] [09:09:42.530] USB: usb_device_handle_win.cc:1048 Failed to read descriptor from node connection: A device attached to the system is not functioning. (0x1F)
Nov 07, 2021 09:12:59.68 [15788:15624:1107/091259.689:ERROR:database.cc(1761)] History SQLite error: code 1555 errno 0: UNIQUE constraint failed: context_annotations.visit_id sql: INSERT INTO context_annotations( visit_id,context_annotation_flags,duration_since_last_visit,page_end_reason )VALUES(?,?,?,?)
Nov 07, 2021 09:14:15.05 [9440:2508:1107/091415.057:ERROR:chrome_browser_main_extra_parts_metrics.cc(230)] crbug.com/1216328: Checking Bluetooth availability started. Please report if there is no report that this ends.
Nov 07, 2021 09:14:15.05 [9440:2508:1107/091415.057:ERROR:chrome_browser_main_extra_parts_metrics.cc(233)] crbug.com/1216328: Checking Bluetooth availability ended.
Nov 07, 2021 09:14:15.05 [9440:2508:1107/091415.057:ERROR:chrome_browser_main_extra_parts_metrics.cc(236)] crbug.com/1216328: Checking default browser status started. Please report if there is no report that this ends.
Nov 07, 2021 09:14:15.05 [9440:2508:1107/091415.058:ERROR:chrome_browser_main_extra_parts_metrics.cc(240)] crbug.com/1216328: Checking default browser status ended.
Nov 07, 2021 09:14:15.05 [9440:2652:1107/091415.059:ERROR:device_event_log_impl.cc(214)] [09:14:15.059] USB: usb_device_handle_win.cc:1048 Failed to read descriptor from node connection: A device attached to the system is not functioning. (0x1F)
Nov 07, 2021 09:14:15.06 [9440:2652:1107/091415.060:ERROR:device_event_log_impl.cc(214)] [09:14:15.059] USB: usb_device_handle_win.cc:1048 Failed to read descriptor from node connection: A device attached to the system is not functioning. (0x1F)
Nov 07, 2021 09:14:15.06 [9440:2652:1107/091415.060:ERROR:device_event_log_impl.cc(214)] [09:14:15.060] USB: usb_device_handle_win.cc:1048 Failed to read descriptor from node connection: A device attached to the system is not functioning. (0x1F)
Nov 07, 2021 09:14:21.90 [9440:4612:1107/091421.904:ERROR:database.cc(1761)] History SQLite error: code 1555 errno 0: UNIQUE constraint failed: context_annotations.visit_id sql: INSERT INTO context_annotations( visit_id,context_annotation_flags,duration_since_last_visit,page_end_reason )VALUES(?,?,?,?)
Nov 07, 2021 12:04:35.43 [9440:14244:1107/120435.436:ERROR:database.cc(1761)] History SQLite error: code 1555 errno 0: UNIQUE constraint failed: context_annotations.visit_id sql: INSERT INTO context_annotations( visit_id,context_annotation_flags,duration_since_last_visit,page_end_reason )VALUES(?,?,?,?)

Nov 15, 2021 21:36:23.84 NEW SESSION
Nov 15, 2021 21:36:23.84 [14604:12572:1115/213623.839:ERROR:chrome_browser_main_extra_parts_metrics.cc(230)] crbug.com/1216328: Checking Bluetooth availability started. Please report if there is no report that this ends.
Nov 15, 2021 21:36:23.86 [14604:12572:1115/213623.839:ERROR:chrome_browser_main_extra_parts_metrics.cc(233)] crbug.com/1216328: Checking Bluetooth availability ended.
Nov 15, 2021 21:36:23.86 [14604:12572:1115/213623.839:ERROR:chrome_browser_main_extra_parts_metrics.cc(236)] crbug.com/1216328: Checking default browser status started. Please report if there is no report that this ends.
Nov 15, 2021 21:36:23.86 [14604:12572:1115/213623.842:ERROR:chrome_browser_main_extra_parts_metrics.cc(240)] crbug.com/1216328: Checking default browser status ended.
Nov 15, 2021 21:36:23.87 [14604:10976:1115/213623.845:ERROR:device_event_log_impl.cc(214)] [21:36:23.845] USB: usb_device_handle_win.cc:1048 Failed to read descriptor from node connection: A device attached to the system is not functioning. (0x1F)
Nov 15, 2021 21:36:23.87 [14604:10976:1115/213623.847:ERROR:device_event_log_impl.cc(214)] [21:36:23.846] USB: usb_device_handle_win.cc:1048 Failed to read descriptor from node connection: A device attached to the system is not functioning. (0x1F)
Nov 15, 2021 21:36:23.87 [14604:10976:1115/213623.847:ERROR:device_event_log_impl.cc(214)] [21:36:23.846] USB: usb_device_handle_win.cc:1048 Failed to read descriptor from node connection: A device attached to the system is not functioning. (0x1F)
Nov 15, 2021 21:36:23.87 [14604:10976:1115/213623.847:ERROR:device_event_log_impl.cc(214)] [21:36:23.846] USB: usb_device_handle_win.cc:1048 Failed to read descriptor from node connection: A device attached to the system is not functioning. (0x1F)
Nov 15, 2021 21:36:36.22 [14604:13416:1115/213636.227:ERROR:database.cc(1761)] History SQLite error: code 1555 errno 0: UNIQUE constraint failed: context_annotations.visit_id sql: INSERT INTO context_annotations( visit_id,context_annotation_flags,duration_since_last_visit,page_end_reason )VALUES(?,?,?,?)
Nov 15, 2021 21:36:38.12 [14604:13416:1115/213638.129:ERROR:database.cc(1761)] History SQLite error: code 1555 errno 0: UNIQUE constraint failed: context_annotations.visit_id sql: INSERT INTO context_annotations( visit_id,context_annotation_flags,duration_since_last_visit,page_end_reason )VALUES(?,?,?,?)
Nov 15, 2021 21:36:57.09 [14604:13416:1115/213657.094:ERROR:database.cc(1761)] History SQLite error: code 1555 errno 0: UNIQUE constraint failed: context_annotations.visit_id sql: INSERT INTO context_annotations( visit_id,context_annotation_flags,duration_since_last_visit,page_end_reason )VALUES(?,?,?,?)
Nov 15, 2021 23:02:46.66 [14604:10040:1115/230246.667:ERROR:database.cc(1761)] History SQLite error: code 1555 errno 0: UNIQUE constraint failed: context_annotations.visit_id sql: INSERT INTO context_annotations( visit_id,context_annotation_flags,duration_since_last_visit,page_end_reason )VALUES(?,?,?,?)

Nov 17, 2021 11:27:13.22 NEW SESSION
Nov 17, 2021 11:27:13.22 [8948:8704:1117/112713.227:ERROR:chrome_browser_main_extra_parts_metrics.cc(230)] crbug.com/1216328: Checking Bluetooth availability started. Please report if there is no report that this ends.
Nov 17, 2021 11:27:13.23 [8948:8704:1117/112713.227:ERROR:chrome_browser_main_extra_parts_metrics.cc(233)] crbug.com/1216328: Checking Bluetooth availability ended.
Nov 17, 2021 11:27:13.23 [8948:8704:1117/112713.227:ERROR:chrome_browser_main_extra_parts_metrics.cc(236)] crbug.com/1216328: Checking default browser status started. Please report if there is no report that this ends.
Nov 17, 2021 11:27:13.23 [8948:8704:1117/112713.228:ERROR:chrome_browser_main_extra_parts_metrics.cc(240)] crbug.com/1216328: Checking default browser status ended.
Nov 17, 2021 11:27:13.23 [8948:4336:1117/112713.228:ERROR:device_event_log_impl.cc(214)] [11:27:13.228] USB: usb_device_handle_win.cc:1048 Failed to read descriptor from node connection: A device attached to the system is not functioning. (0x1F)
Nov 17, 2021 11:27:13.23 [8948:4336:1117/112713.229:ERROR:device_event_log_impl.cc(214)] [11:27:13.229] USB: usb_device_handle_win.cc:1048 Failed to read descriptor from node connection: A device attached to the system is not functioning. (0x1F)
Nov 17, 2021 11:27:13.23 [8948:4336:1117/112713.229:ERROR:device_event_log_impl.cc(214)] [11:27:13.229] USB: usb_device_handle_win.cc:1048 Failed to read descriptor from node connection: A device attached to the system is not functioning. (0x1F)
Nov 17, 2021 11:27:13.23 [8948:4336:1117/112713.229:ERROR:device_event_log_impl.cc(214)] [11:27:13.229] USB: usb_device_handle_win.cc:1048 Failed to read descriptor from node connection: A device attached to the system is not functioning. (0x1F)

Nov 17, 2021 14:43:41.32 NEW SESSION
Nov 17, 2021 14:43:41.32 [15392:7368:1117/144341.317:ERROR:chrome_browser_main_extra_parts_metrics.cc(226)] crbug.com/1216328: Checking Bluetooth availability started. Please report if there is no report that this ends.
Nov 17, 2021 14:43:41.32 [15392:7368:1117/144341.317:ERROR:chrome_browser_main_extra_parts_metrics.cc(229)] crbug.com/1216328: Checking Bluetooth availability ended.
Nov 17, 2021 14:43:41.32 [15392:7368:1117/144341.317:ERROR:chrome_browser_main_extra_parts_metrics.cc(232)] crbug.com/1216328: Checking default browser status started. Please report if there is no report that this ends.
Nov 17, 2021 14:43:41.32 [15392:7368:1117/144341.321:ERROR:chrome_browser_main_extra_parts_metrics.cc(236)] crbug.com/1216328: Checking default browser status ended.
Nov 17, 2021 14:43:41.32 [15392:6460:1117/144341.322:ERROR:device_event_log_impl.cc(214)] [14:43:41.321] USB: usb_device_handle_win.cc:1048 Failed to read descriptor from node connection: A device attached to the system is not functioning. (0x1F)
Nov 17, 2021 14:43:41.32 [15392:6460:1117/144341.323:ERROR:device_event_log_impl.cc(214)] [14:43:41.323] USB: usb_device_handle_win.cc:1048 Failed to read descriptor from node connection: A device attached to the system is not functioning. (0x1F)
Nov 17, 2021 14:43:41.32 [15392:6460:1117/144341.325:ERROR:device_event_log_impl.cc(214)] [14:43:41.324] USB: usb_device_handle_win.cc:1048 Failed to read descriptor from node connection: A device attached to the system is not functioning. (0x1F)
Nov 17, 2021 14:43:52.33 [15392:15928:1117/144352.335:ERROR:database.cc(1773)] History SQLite error: code 1555 errno 0: UNIQUE constraint failed: context_annotations.visit_id sql: INSERT INTO context_annotations( visit_id,context_annotation_flags,duration_since_last_visit,page_end_reason,total_foreground_duration )VALUES(?,?,?,?,?)
Nov 17, 2021 14:43:55.63 [15392:15928:1117/144355.638:ERROR:database.cc(1773)] History SQLite error: code 1555 errno 0: UNIQUE constraint failed: context_annotations.visit_id sql: INSERT INTO context_annotations( visit_id,context_annotation_flags,duration_since_last_visit,page_end_reason,total_foreground_duration )VALUES(?,?,?,?,?)
Nov 17, 2021 14:44:05.30 [15392:8776:1117/144405.301:ERROR:database.cc(1773)] History SQLite error: code 1555 errno 0: UNIQUE constraint failed: context_annotations.visit_id sql: INSERT INTO context_annotations( visit_id,context_annotation_flags,duration_since_last_visit,page_end_reason,total_foreground_duration )VALUES(?,?,?,?,?)
Nov 17, 2021 14:44:09.79 [15392:12144:1117/144409.791:ERROR:database.cc(1773)] History SQLite error: code 1555 errno 0: UNIQUE constraint failed: context_annotations.visit_id sql: INSERT INTO context_annotations( visit_id,context_annotation_flags,duration_since_last_visit,page_end_reason,total_foreground_duration )VALUES(?,?,?,?,?)
Nov 17, 2021 14:44:22.12 [15392:12144:1117/144422.128:ERROR:database.cc(1773)] History SQLite error: code 1555 errno 0: UNIQUE constraint failed: context_annotations.visit_id sql: INSERT INTO context_annotations( visit_id,context_annotation_flags,duration_since_last_visit,page_end_reason,total_foreground_duration )VALUES(?,?,?,?,?)
Nov 17, 2021 14:44:40.84 [15392:12144:1117/144440.846:ERROR:database.cc(1773)] History SQLite error: code 1555 errno 0: UNIQUE constraint failed: context_annotations.visit_id sql: INSERT INTO context_annotations( visit_id,context_annotation_flags,duration_since_last_visit,page_end_reason,total_foreground_duration )VALUES(?,?,?,?,?)
Nov 17, 2021 14:53:37.28 [15392:12144:1117/145337.285:ERROR:database.cc(1773)] History SQLite error: code 1555 errno 0: UNIQUE constraint failed: context_annotations.visit_id sql: INSERT INTO context_annotations( visit_id,context_annotation_flags,duration_since_last_visit,page_end_reason,total_foreground_duration )VALUES(?,?,?,?,?)
Nov 17, 2021 14:53:46.56 [15392:15928:1117/145346.565:ERROR:database.cc(1773)] History SQLite error: code 1555 errno 0: UNIQUE constraint failed: context_annotations.visit_id sql: INSERT INTO context_annotations( visit_id,context_annotation_flags,duration_since_last_visit,page_end_reason,total_foreground_duration )VALUES(?,?,?,?,?)
Nov 17, 2021 15:03:26.02 [15392:14028:1117/150326.024:ERROR:database.cc(1773)] History SQLite error: code 1555 errno 0: UNIQUE constraint failed: context_annotations.visit_id sql: INSERT INTO context_annotations( visit_id,context_annotation_flags,duration_since_last_visit,page_end_reason,total_foreground_duration )VALUES(?,?,?,?,?)
Nov 17, 2021 15:03:28.42 [15392:14028:1117/150328.428:ERROR:database.cc(1773)] History SQLite error: code 1555 errno 0: UNIQUE constraint failed: context_annotations.visit_id sql: INSERT INTO context_annotations( visit_id,context_annotation_flags,duration_since_last_visit,page_end_reason,total_foreground_duration )VALUES(?,?,?,?,?)
Nov 17, 2021 15:03:29.51 [15392:9700:1117/150329.513:ERROR:database.cc(1773)] History SQLite error: code 1555 errno 0: UNIQUE constraint failed: context_annotations.visit_id sql: INSERT INTO context_annotations( visit_id,context_annotation_flags,duration_since_last_visit,page_end_reason,total_foreground_duration )VALUES(?,?,?,?,?)
Nov 17, 2021 15:03:30.30 [15392:9700:1117/150330.300:ERROR:database.cc(1773)] History SQLite error: code 1555 errno 0: UNIQUE constraint failed: context_annotations.visit_id sql: INSERT INTO context_annotations( visit_id,context_annotation_flags,duration_since_last_visit,page_end_reason,total_foreground_duration )VALUES(?,?,?,?,?)
Nov 17, 2021 15:03:30.88 [15392:14028:1117/150330.884:ERROR:database.cc(1773)] History SQLite error: code 1555 errno 0: UNIQUE constraint failed: context_annotations.visit_id sql: INSERT INTO context_annotations( visit_id,context_annotation_flags,duration_since_last_visit,page_end_reason,total_foreground_duration )VALUES(?,?,?,?,?)
Nov 17, 2021 15:03:31.38 [15392:14028:1117/150331.387:ERROR:database.cc(1773)] History SQLite error: code 1555 errno 0: UNIQUE constraint failed: context_annotations.visit_id sql: INSERT INTO context_annotations( visit_id,context_annotation_flags,duration_since_last_visit,page_end_reason,total_foreground_duration )VALUES(?,?,?,?,?)
Nov 17, 2021 15:03:31.54 [15392:9700:1117/150331.548:ERROR:database.cc(1773)] History SQLite error: code 1555 errno 0: UNIQUE constraint failed: context_annotations.visit_id sql: INSERT INTO context_annotations( visit_id,context_annotation_flags,duration_since_last_visit,page_end_reason,total_foreground_duration )VALUES(?,?,?,?,?)
Nov 17, 2021 15:03:31.74 [15392:9700:1117/150331.744:ERROR:database.cc(1773)] History SQLite error: code 1555 errno 0: UNIQUE constraint failed: context_annotations.visit_id sql: INSERT INTO context_annotations( visit_id,context_annotation_flags,duration_since_last_visit,page_end_reason,total_foreground_duration )VALUES(?,?,?,?,?)
Nov 17, 2021 15:03:52.89 [15392:14028:1117/150352.895:ERROR:database.cc(1773)] History SQLite error: code 1555 errno 0: UNIQUE constraint failed: context_annotations.visit_id sql: INSERT INTO context_annotations( visit_id,context_annotation_flags,duration_since_last_visit,page_end_reason,total_foreground_duration )VALUES(?,?,?,?,?)
Nov 17, 2021 15:03:54.55 [15392:9700:1117/150354.558:ERROR:database.cc(1773)] History SQLite error: code 1555 errno 0: UNIQUE constraint failed: context_annotations.visit_id sql: INSERT INTO context_annotations( visit_id,context_annotation_flags,duration_since_last_visit,page_end_reason,total_foreground_duration )VALUES(?,?,?,?,?)
Nov 17, 2021 15:03:56.00 [15392:9700:1117/150356.001:ERROR:database.cc(1773)] History SQLite error: code 1555 errno 0: UNIQUE constraint failed: context_annotations.visit_id sql: INSERT INTO context_annotations( visit_id,context_annotation_flags,duration_since_last_visit,page_end_reason,total_foreground_duration )VALUES(?,?,?,?,?)
Nov 17, 2021 15:03:57.05 [15392:9700:1117/150357.055:ERROR:database.cc(1773)] History SQLite error: code 1555 errno 0: UNIQUE constraint failed: context_annotations.visit_id sql: INSERT INTO context_annotations( visit_id,context_annotation_flags,duration_since_last_visit,page_end_reason,total_foreground_duration )VALUES(?,?,?,?,?)
Nov 17, 2021 15:50:21.36 [15392:448:1117/155021.362:ERROR:database.cc(1773)] History SQLite error: code 1555 errno 0: UNIQUE constraint failed: context_annotations.visit_id sql: INSERT INTO context_annotations( visit_id,context_annotation_flags,duration_since_last_visit,page_end_reason,total_foreground_duration )VALUES(?,?,?,?,?)
Nov 17, 2021 15:50:23.54 [15392:448:1117/155023.545:ERROR:database.cc(1773)] History SQLite error: code 1555 errno 0: UNIQUE constraint failed: context_annotations.visit_id sql: INSERT INTO context_annotations( visit_id,context_annotation_flags,duration_since_last_visit,page_end_reason,total_foreground_duration )VALUES(?,?,?,?,?)
Nov 17, 2021 15:51:58.02 [15392:448:1117/155158.023:ERROR:database.cc(1773)] History SQLite error: code 1555 errno 0: UNIQUE constraint failed: context_annotations.visit_id sql: INSERT INTO context_annotations( visit_id,context_annotation_flags,duration_since_last_visit,page_end_reason,total_foreground_duration )VALUES(?,?,?,?,?)
Nov 17, 2021 15:51:59.61 [15392:448:1117/155159.612:ERROR:database.cc(1773)] History SQLite error: code 1555 errno 0: UNIQUE constraint failed: context_annotations.visit_id sql: INSERT INTO context_annotations( visit_id,context_annotation_flags,duration_since_last_visit,page_end_reason,total_foreground_duration )VALUES(?,?,?,?,?)
Nov 17, 2021 15:52:46.14 [15392:448:1117/155246.148:ERROR:database.cc(1773)] History SQLite error: code 1555 errno 0: UNIQUE constraint failed: context_annotations.visit_id sql: INSERT INTO context_annotations( visit_id,context_annotation_flags,duration_since_last_visit,page_end_reason,total_foreground_duration )VALUES(?,?,?,?,?)
Nov 17, 2021 15:52:49.33 [15392:4536:1117/155249.330:ERROR:database.cc(1773)] History SQLite error: code 1555 errno 0: UNIQUE constraint failed: context_annotations.visit_id sql: INSERT INTO context_annotations( visit_id,context_annotation_flags,duration_since_last_visit,page_end_reason,total_foreground_duration )VALUES(?,?,?,?,?)
Nov 17, 2021 15:52:53.57 [15392:4536:1117/155253.579:ERROR:database.cc(1773)] History SQLite error: code 1555 errno 0: UNIQUE constraint failed: context_annotations.visit_id sql: INSERT INTO context_annotations( visit_id,context_annotation_flags,duration_since_last_visit,page_end_reason,total_foreground_duration )VALUES(?,?,?,?,?)
Nov 17, 2021 15:53:05.49 [15392:448:1117/155305.499:ERROR:database.cc(1773)] History SQLite error: code 1555 errno 0: UNIQUE constraint failed: context_annotations.visit_id sql: INSERT INTO context_annotations( visit_id,context_annotation_flags,duration_since_last_visit,page_end_reason,total_foreground_duration )VALUES(?,?,?,?,?)
Nov 17, 2021 17:23:53.37 [15392:3444:1117/172353.379:ERROR:database.cc(1773)] History SQLite error: code 1555 errno 0: UNIQUE constraint failed: context_annotations.visit_id sql: INSERT INTO context_annotations( visit_id,context_annotation_flags,duration_since_last_visit,page_end_reason,total_foreground_duration )VALUES(?,?,?,?,?)
Nov 17, 2021 17:23:55.17 [15392:15132:1117/172355.171:ERROR:database.cc(1773)] History SQLite error: code 1555 errno 0: UNIQUE constraint failed: context_annotations.visit_id sql: INSERT INTO context_annotations( visit_id,context_annotation_flags,duration_since_last_visit,page_end_reason,total_foreground_duration )VALUES(?,?,?,?,?)
Nov 17, 2021 17:26:07.71 [15392:13956:1117/172607.712:ERROR:database.cc(1773)] History SQLite error: code 1555 errno 0: UNIQUE constraint failed: context_annotations.visit_id sql: INSERT INTO context_annotations( visit_id,context_annotation_flags,duration_since_last_visit,page_end_reason,total_foreground_duration )VALUES(?,?,?,?,?)
Nov 17, 2021 17:39:13.78 [15392:10424:1117/173913.783:ERROR:database.cc(1773)] History SQLite error: code 1555 errno 0: UNIQUE constraint failed: context_annotations.visit_id sql: INSERT INTO context_annotations( visit_id,context_annotation_flags,duration_since_last_visit,page_end_reason,total_foreground_duration )VALUES(?,?,?,?,?)
Nov 17, 2021 17:39:13.78 [15392:8496:1117/173913.785:ERROR:database.cc(1773)] History SQLite error: code 1555 errno 0: UNIQUE constraint failed: context_annotations.visit_id sql: INSERT INTO context_annotations( visit_id,context_annotation_flags,duration_since_last_visit,page_end_reason,total_foreground_duration )VALUES(?,?,?,?,?)
Nov 17, 2021 17:39:13.78 [15392:8496:1117/173913.788:ERROR:database.cc(1773)] History SQLite error: code 1555 errno 0: UNIQUE constraint failed: context_annotations.visit_id sql: INSERT INTO context_annotations( visit_id,context_annotation_flags,duration_since_last_visit,page_end_reason,total_foreground_duration )VALUES(?,?,?,?,?)
Nov 17, 2021 17:39:13.79 [15392:8496:1117/173913.789:ERROR:database.cc(1773)] History SQLite error: code 1555 errno 0: UNIQUE constraint failed: context_annotations.visit_id sql: INSERT INTO context_annotations( visit_id,context_annotation_flags,duration_since_last_visit,page_end_reason,total_foreground_duration )VALUES(?,?,?,?,?)
